<?xml version="1.0" encoding="UTF-8"?>
<testng-results skipped="0" failed="0" ignored="0" total="2" passed="2">
  <reporter-output>
  </reporter-output>
  <suite name="Regression" duration-ms="34505" started-at="2021-10-15T18:24:59 CDT" finished-at="2021-10-15T18:25:34 CDT">
    <groups>
    </groups>
    <test name="LoginTest" duration-ms="34505" started-at="2021-10-15T18:24:59 CDT" finished-at="2021-10-15T18:25:34 CDT">
      <class name="test.AddCustomerTest">
        <test-method status="PASS" signature="validUserShouldBeAbelToLogin(java.lang.String,java.lang.String,java.lang.String,java.lang.String,java.lang.String,java.lang.String,java.lang.String,java.lang.String,java.lang.String,java.lang.String,java.lang.String)[pri:0, instance:test.AddCustomerTest@2833cc44]" name="validUserShouldBeAbelToLogin" duration-ms="18865" started-at="2021-10-15T18:24:59 CDT" finished-at="2021-10-15T18:25:18 CDT">
          <params>
            <param index="0">
              <value>
                <![CDATA[demo@techfios.com]]>
              </value>
            </param>
            <param index="1">
              <value>
                <![CDATA[abc123]]>
              </value>
            </param>
            <param index="2">
              <value>
                <![CDATA[Gelila]]>
              </value>
            </param>
            <param index="3">
              <value>
                <![CDATA[Techfios]]>
              </value>
            </param>
            <param index="4">
              <value>
                <![CDATA[msexcell@gmail.com]]>
              </value>
            </param>
            <param index="5">
              <value>
                <![CDATA[345679]]>
              </value>
            </param>
            <param index="6">
              <value>
                <![CDATA[1234kdksl]]>
              </value>
            </param>
            <param index="7">
              <value>
                <![CDATA[dallas]]>
              </value>
            </param>
            <param index="8">
              <value>
                <![CDATA[tx]]>
              </value>
            </param>
            <param index="9">
              <value>
                <![CDATA[75456]]>
              </value>
            </param>
            <param index="10">
              <value>
                <![CDATA[United States]]>
              </value>
            </param>
          </params>
          <reporter-output>
          </reporter-output>
        </test-method> <!-- validUserShouldBeAbelToLogin -->
      </class> <!-- test.AddCustomerTest -->
      <class name="test.ListCustomersTest">
        <test-method status="PASS" signature="validUserShouldBeAbelToLogin(java.lang.String,java.lang.String,java.lang.String,java.lang.String,java.lang.String,java.lang.String,java.lang.String,java.lang.String,java.lang.String,java.lang.String,java.lang.String)[pri:0, instance:test.ListCustomersTest@2781e022]" name="validUserShouldBeAbelToLogin" duration-ms="15593" started-at="2021-10-15T18:25:18 CDT" finished-at="2021-10-15T18:25:34 CDT">
          <params>
            <param index="0">
              <value>
                <![CDATA[demo@techfios.com]]>
              </value>
            </param>
            <param index="1">
              <value>
                <![CDATA[abc123]]>
              </value>
            </param>
            <param index="2">
              <value>
                <![CDATA[Gelila]]>
              </value>
            </param>
            <param index="3">
              <value>
                <![CDATA[Techfios]]>
              </value>
            </param>
            <param index="4">
              <value>
                <![CDATA[msexcell@gmail.com]]>
              </value>
            </param>
            <param index="5">
              <value>
                <![CDATA[345679]]>
              </value>
            </param>
            <param index="6">
              <value>
                <![CDATA[1234kdksl]]>
              </value>
            </param>
            <param index="7">
              <value>
                <![CDATA[dallas]]>
              </value>
            </param>
            <param index="8">
              <value>
                <![CDATA[tx]]>
              </value>
            </param>
            <param index="9">
              <value>
                <![CDATA[75456]]>
              </value>
            </param>
            <param index="10">
              <value>
                <![CDATA[United States]]>
              </value>
            </param>
          </params>
          <reporter-output>
          </reporter-output>
        </test-method> <!-- validUserShouldBeAbelToLogin -->
      </class> <!-- test.ListCustomersTest -->
    </test> <!-- LoginTest -->
  </suite> <!-- Regression -->
</testng-results>
